The total CPU time: 0.077ms
memory: 14016KB
The total CPU time: 0.094ms
memory: 14016KB
The total CPU time: 0.095ms
memory: 14016KB
The total CPU time: 139.393ms
memory: 20240KB
The total CPU time: 89.152ms
memory: 20240KB
The total CPU time: 85.255ms
memory: 20240KB
The total CPU time: 1.793ms
memory: 14152KB
The total CPU time: 1.552ms
memory: 14152KB
The total CPU time: 1.975ms
memory: 14152KB
The total CPU time: 0.203ms
memory: 14016KB
The total CPU time: 0.11ms
memory: 14016KB
The total CPU time: 0.108ms
memory: 14016KB
The total CPU time: 3.317ms
memory: 14284KB
The total CPU time: 2.167ms
memory: 14284KB
The total CPU time: 2.4ms
memory: 14284KB
The total CPU time: 0.295ms
memory: 14016KB
The total CPU time: 0.284ms
memory: 14016KB
The total CPU time: 0.281ms
memory: 14016KB
The total CPU time: 0.03ms
memory: 14016KB
The total CPU time: 0.671ms
memory: 14152KB
The total CPU time: 0.612ms
memory: 14152KB
The total CPU time: 0.744ms
memory: 14152KB
-HS
Program for testing test cases
Testing file:1000.case1.in
Testing file:1000.case2.in
Testing file:1000.case3.in
Testing file:1000000.case1.in
Testing file:1000000.case2.in
Testing file:1000000.case3.in
Testing file:16000.case1.in
Testing file:16000.case2.in
Testing file:16000.case3.in
Testing file:2000.case1.in
Testing file:2000.case2.in
Testing file:2000.case3.in
Testing file:32000.case1.in
Testing file:32000.case2.in
Testing file:32000.case3.in
Testing file:4000.case1.in
Testing file:4000.case2.in
Testing file:4000.case3.in
Testing file:5.case1.in
Testing file:8000.case1.in
Testing file:8000.case2.in
Testing file:8000.case3.in
done.
