The total CPU time: 0.191ms
memory: 14016KB
The total CPU time: 0.032ms
memory: 14016KB
The total CPU time: 0.408ms
memory: 14016KB
The total CPU time: 136792ms
memory: 20240KB
The total CPU time: 0.885ms
memory: 20240KB
The total CPU time: 273145ms
memory: 20240KB
The total CPU time: 38.128ms
memory: 14152KB
The total CPU time: 0.071ms
memory: 14152KB
The total CPU time: 72.956ms
memory: 14152KB
The total CPU time: 0.619ms
memory: 14016KB
The total CPU time: 0.033ms
memory: 14016KB
The total CPU time: 1.152ms
memory: 14016KB
The total CPU time: 140.473ms
memory: 14284KB
The total CPU time: 0.073ms
memory: 14284KB
The total CPU time: 279.113ms
memory: 14284KB
The total CPU time: 3.214ms
memory: 14016KB
The total CPU time: 0.026ms
memory: 14016KB
The total CPU time: 5.322ms
memory: 14016KB
The total CPU time: 0.029ms
memory: 14016KB
The total CPU time: 10.415ms
memory: 14152KB
The total CPU time: 0.029ms
memory: 14152KB
The total CPU time: 20.167ms
memory: 14152KB
-IS
Program for testing test cases
Testing file:1000.case1.in
Testing file:1000.case2.in
Testing file:1000.case3.in
Testing file:1000000.case1.in
Testing file:1000000.case2.in
Testing file:1000000.case3.in
Testing file:16000.case1.in
Testing file:16000.case2.in
Testing file:16000.case3.in
Testing file:2000.case1.in
Testing file:2000.case2.in
Testing file:2000.case3.in
Testing file:32000.case1.in
Testing file:32000.case2.in
Testing file:32000.case3.in
Testing file:4000.case1.in
Testing file:4000.case2.in
Testing file:4000.case3.in
Testing file:5.case1.in
Testing file:8000.case1.in
Testing file:8000.case2.in
Testing file:8000.case3.in
done.
