The total CPU time: 0.165ms
memory: 14016KB
The total CPU time: 0.178ms
memory: 14016KB
The total CPU time: 0.173ms
memory: 14016KB
The total CPU time: 177.039ms
memory: 29916KB
The total CPU time: 119.783ms
memory: 29916KB
The total CPU time: 114.521ms
memory: 29916KB
The total CPU time: 3.694ms
memory: 14308KB
The total CPU time: 3.08ms
memory: 14308KB
The total CPU time: 3.198ms
memory: 14308KB
The total CPU time: 0.326ms
memory: 14016KB
The total CPU time: 0.225ms
memory: 14016KB
The total CPU time: 0.289ms
memory: 14016KB
The total CPU time: 5.321ms
memory: 14476KB
The total CPU time: 3.354ms
memory: 14476KB
The total CPU time: 3.45ms
memory: 14476KB
The total CPU time: 0.596ms
memory: 14144KB
The total CPU time: 0.462ms
memory: 14144KB
The total CPU time: 0.526ms
memory: 14144KB
The total CPU time: 0.026ms
memory: 14016KB
The total CPU time: 1.321ms
memory: 14152KB
The total CPU time: 1.384ms
memory: 14152KB
The total CPU time: 1.328ms
memory: 14152KB
-MS
Program for testing test cases
Testing file:1000.case1.in
Testing file:1000.case2.in
Testing file:1000.case3.in
Testing file:1000000.case1.in
Testing file:1000000.case2.in
Testing file:1000000.case3.in
Testing file:16000.case1.in
Testing file:16000.case2.in
Testing file:16000.case3.in
Testing file:2000.case1.in
Testing file:2000.case2.in
Testing file:2000.case3.in
Testing file:32000.case1.in
Testing file:32000.case2.in
Testing file:32000.case3.in
Testing file:4000.case1.in
Testing file:4000.case2.in
Testing file:4000.case3.in
Testing file:5.case1.in
Testing file:8000.case1.in
Testing file:8000.case2.in
Testing file:8000.case3.in
done.
