Program for testing test cases
Testing file:1000.case1.in
The total CPU time: 0.844ms
memory: 14016KB
Testing file:1000.case2.in
The total CPU time: 1.086ms
memory: 14016KB
Testing file:1000.case3.in
The total CPU time: 1.077ms
memory: 14016KB
Testing file:1000000.case1.in
The total CPU time: 735.552ms
memory: 20248KB
Testing file:1000000.case2.in
The total CPU time: 723.38ms
memory: 20248KB
Testing file:1000000.case3.in
The total CPU time: 696.966ms
memory: 20248KB
Testing file:16000.case1.in
The total CPU time: 13.467ms
memory: 14160KB
Testing file:16000.case2.in
The total CPU time: 15.068ms
memory: 14160KB
Testing file:16000.case3.in
The total CPU time: 14.294ms
memory: 14160KB
Testing file:2000.case1.in
The total CPU time: 2.041ms
memory: 14016KB
Testing file:2000.case2.in
The total CPU time: 1.281ms
memory: 14016KB
Testing file:2000.case3.in
The total CPU time: 1.669ms
memory: 14016KB
Testing file:32000.case1.in
The total CPU time: 23.835ms
memory: 14292KB
Testing file:32000.case2.in
The total CPU time: 23.335ms
memory: 14292KB
Testing file:32000.case3.in
The total CPU time: 24.512ms
memory: 14292KB
Testing file:4000.case1.in
The total CPU time: 4.176ms
memory: 14016KB
Testing file:4000.case2.in
The total CPU time: 3.259ms
memory: 14016KB
Testing file:4000.case3.in
The total CPU time: 4.004ms
memory: 14016KB
Testing file:5.case1.in
The total CPU time: 0.039ms
memory: 14016KB
Testing file:8000.case1.in
The total CPU time: 8.066ms
memory: 14160KB
Testing file:8000.case2.in
The total CPU time: 8.027ms
memory: 14160KB
Testing file:8000.case3.in
The total CPU time: 5.563ms
memory: 14160KB
done.
