======Vertices======
Total: 8
[0]->1->2
[1]->0->3->4
[2]->0->5
[3]->1->4->5->6
[4]->1->3->7
[5]->2->3
[6]->3
[7]->4
======Edges======
Total: 9
[0] (0,1)3
[1] (0,2)5
[2] (1,3)10
[3] (1,4)8
[4] (2,5)9
[5] (3,4)5
[6] (3,5)11
[7] (3,6)12
[8] (4,7)6
Total: 9
[0] (0,1)3
[1] (0,2)5
[2] (3,4)5
[3] (4,7)6
[4] (1,4)8
[5] (2,5)9
[6] (1,3)10
[7] (3,5)11
[8] (3,6)12
R (3,6)
Cycle: 1-
R (3,5)
Cycle: 1-
R (1,3)
Has no
Total: 9
[0] (0,1)3
[1] (0,2)5
[2] (3,4)5
[3] (4,7)6
[4] (1,4)8
[5] (2,5)9
[6] (1,3)10
[7] (3,5)11
[8] (3,6)12
R (2,5)
Cycle: 1-
R (1,4)
Has no
Total: 9
[0] (0,1)3
[1] (0,2)5
[2] (3,4)5
[3] (4,7)6
[4] (1,4)8
[5] (2,5)9
[6] (1,3)10
[7] (3,5)11
[8] (3,6)12
R (4,7)
Cycle: 1-
R (3,4)
Has no
Total: 9
[0] (0,1)3
[1] (0,2)5
[2] (3,4)5
[3] (4,7)6
[4] (1,4)8
[5] (2,5)9
[6] (1,3)10
[7] (3,5)11
[8] (3,6)12
R (0,2)
Cycle: 1-
R (0,1)
Cycle: 1-
